<?xml version="1.0" encoding="UTF-8"?>
<testng-results ignored="0" total="1" passed="1" failed="0" skipped="0">
  <reporter-output>
  </reporter-output>
  <suite started-at="2024-04-29T11:21:19 IST" name="Default suite" finished-at="2024-04-29T11:21:34 IST" duration-ms="15537">
    <groups>
    </groups>
    <test started-at="2024-04-29T11:21:19 IST" name="Default test" finished-at="2024-04-29T11:21:34 IST" duration-ms="15537">
      <class name="Object.MainExecution">
        <test-method signature="mainExecutionMethod()[pri:0, instance:Object.MainExecution@75d3a5e0]" started-at="2024-04-29T11:21:19 IST" name="mainExecutionMethod" finished-at="2024-04-29T11:21:34 IST" duration-ms="15496" status="PASS">
          <reporter-output>
          </reporter-output>
        </test-method> <!-- mainExecutionMethod -->
      </class> <!-- Object.MainExecution -->
    </test> <!-- Default test -->
  </suite> <!-- Default suite -->
</testng-results>
